<?xml version="1.0" encoding="UTF-8"?>
<!-- Generated by org.testng.reporters.JUnitReportReporter -->
<testsuite hostname="DESKTOP-B9P52KS" failures="0" tests="1" name="Tests.NewUserTests" time="81.055" errors="0" timestamp="2020-06-25T22:21:14 EEST" skipped="0">
  <testcase classname="Tests.NewUserTests" name="CreateNewUserTest" time="81.055"/>
  <system-out/>
</testsuite> <!-- Tests.NewUserTests -->
